Using pre-set license
Built from '2021.3/staging' branch; Version is '2021.3.5f1 (40eb3a945986) revision 4254522'; Using compiler version '192829333'; Build Type 'Release'
OS: 'Windows 11  (10.0.22000) 64bit CoreSingleLanguage' Language: 'en' Physical Memory: 8039 MB
BatchMode: 1, IsHumanControllingUs: 0, StartBugReporterOnCrash: 0, Is64bit: 1, IsPro: 1

COMMAND LINE ARGUMENTS:
C:\Program Files\Unity\Hub\Editor\2021.3.5f1\Editor\Unity.exe
-adb2
-batchMode
-noUpm
-name
AssetImportWorker0
-projectPath
C:/Users/pratik-pc/Documents/GitHub/Game_Project_01/Dungeon Escape Github
-logFile
Logs/AssetImportWorker0.log
-srvPort
61471
Successfully changed project path to: C:/Users/pratik-pc/Documents/GitHub/Game_Project_01/Dungeon Escape Github
C:/Users/pratik-pc/Documents/GitHub/Game_Project_01/Dungeon Escape Github
[UnityMemory] Configuration Parameters - Can be set up in boot.config
    "memorysetup-bucket-allocator-granularity=16"
    "memorysetup-bucket-allocator-bucket-count=8"
    "memorysetup-bucket-allocator-block-size=33554432"
    "memorysetup-bucket-allocator-block-count=8"
    "memorysetup-main-allocator-block-size=16777216"
    "memorysetup-thread-allocator-block-size=16777216"
    "memorysetup-gfx-main-allocator-block-size=16777216"
    "memorysetup-gfx-thread-allocator-block-size=16777216"
    "memorysetup-cache-allocator-block-size=4194304"
    "memorysetup-typetree-allocator-block-size=2097152"
    "memorysetup-profiler-bucket-allocator-granularity=16"
    "memorysetup-profiler-bucket-allocator-bucket-count=8"
    "memorysetup-profiler-bucket-allocator-block-size=33554432"
    "memorysetup-profiler-bucket-allocator-block-count=8"
    "memorysetup-profiler-allocator-block-size=16777216"
    "memorysetup-profiler-editor-allocator-block-size=1048576"
    "memorysetup-temp-allocator-size-main=16777216"
    "memorysetup-job-temp-allocator-block-size=2097152"
    "memorysetup-job-temp-allocator-block-size-background=1048576"
    "memorysetup-job-temp-allocator-reduction-small-platforms=262144"
    "memorysetup-temp-allocator-size-background-worker=32768"
    "memorysetup-temp-allocator-size-job-worker=262144"
    "memorysetup-temp-allocator-size-preload-manager=33554432"
    "memorysetup-temp-allocator-size-nav-mesh-worker=65536"
    "memorysetup-temp-allocator-size-audio-worker=65536"
    "memorysetup-temp-allocator-size-cloud-worker=32768"
    "memorysetup-temp-allocator-size-gi-baking-worker=262144"
    "memorysetup-temp-allocator-size-gfx=262144"
Refreshing native plugins compatible for Editor in 179.17 ms, found 3 plugins.
Preloading 0 native plugins for Editor in 0.00 ms.
Initialize engine version: 2021.3.5f1 (40eb3a945986)
[Subsystems] Discovering subsystems at path C:/Program Files/Unity/Hub/Editor/2021.3.5f1/Editor/Data/Resources/UnitySubsystems
[Subsystems] Discovering subsystems at path C:/Users/pratik-pc/Documents/GitHub/Game_Project_01/Dungeon Escape Github/Assets
GfxDevice: creating device client; threaded=0; jobified=0
Direct3D:
    Version:  Direct3D 11.0 [level 11.1]
    Renderer: NVIDIA GeForce GTX 1050 (ID=0x1c92)
    Vendor:   NVIDIA
    VRAM:     4021 MB
    Driver:   31.0.15.1659
Initialize mono
Mono path[0] = 'C:/Program Files/Unity/Hub/Editor/2021.3.5f1/Editor/Data/Managed'
Mono path[1] = 'C:/Program Files/Unity/Hub/Editor/2021.3.5f1/Editor/Data/MonoBleedingEdge/lib/mono/unityjit-win32'
Mono config path = 'C:/Program Files/Unity/Hub/Editor/2021.3.5f1/Editor/Data/MonoBleedingEdge/etc'
Using monoOptions --debugger-agent=transport=dt_socket,embedding=1,server=y,suspend=n,address=127.0.0.1:56872
Begin MonoManager ReloadAssembly
Registering precompiled unity dll's ...
Register platform support module: C:/Program Files/Unity/Hub/Editor/2021.3.5f1/Editor/Data/PlaybackEngines/AndroidPlayer/UnityEditor.Android.Extensions.dll
Register platform support module: C:/Program Files/Unity/Hub/Editor/2021.3.5f1/Editor/Data/PlaybackEngines/iOSSupport/UnityEditor.iOS.Extensions.dll
Register platform support module: C:/Program Files/Unity/Hub/Editor/2021.3.5f1/Editor/Data/PlaybackEngines/WindowsStandaloneSupport/UnityEditor.WindowsStandalone.Extensions.dll
Registered in 0.020146 seconds.
Native extension for WindowsStandalone target not found
[usbmuxd] Start listen thread
[usbmuxd] Listen thread started
Native extension for iOS target not found
Native extension for Android target not found
Refreshing native plugins compatible for Editor in 412.45 ms, found 3 plugins.
Preloading 0 native plugins for Editor in 0.00 ms.
Mono: successfully reloaded assembly
- Completed reload, in  2.707 seconds
Domain Reload Profiling:
	ReloadAssembly (2709ms)
		BeginReloadAssembly (189ms)
			ExecutionOrderSort (0ms)
			DisableScriptedObjects (0ms)
			BackupInstance (0ms)
			ReleaseScriptingObjects (0ms)
			CreateAndSetChildDomain (1ms)
		EndReloadAssembly (2226ms)
			LoadAssemblies (186ms)
			RebuildTransferFunctionScriptingTraits (0ms)
			SetupTypeCache (433ms)
			ReleaseScriptCaches (0ms)
			RebuildScriptCaches (321ms)
			SetupLoadedEditorAssemblies (1325ms)
				LogAssemblyErrors (0ms)
				InitializePlatformSupportModulesInManaged (331ms)
				SetLoadedEditorAssemblies (2ms)
				RefreshPlugins (417ms)
				BeforeProcessingInitializeOnLoad (6ms)
				ProcessInitializeOnLoadAttributes (376ms)
				ProcessInitializeOnLoadMethodAttributes (193ms)
				AfterProcessingInitializeOnLoad (0ms)
				EditorAssembliesLoaded (0ms)
			ExecutionOrderSort2 (0ms)
			AwakeInstancesAfterBackupRestoration (0ms)
Platform modules already initialized, skipping
Registering precompiled user dll's ...
Registered in 0.022485 seconds.
Begin MonoManager ReloadAssembly
Native extension for WindowsStandalone target not found
Native extension for iOS target not found
Native extension for Android target not found
Refreshing native plugins compatible for Editor in 137.78 ms, found 3 plugins.
Preloading 0 native plugins for Editor in 0.00 ms.
Mono: successfully reloaded assembly
- Completed reload, in  3.451 seconds
Domain Reload Profiling:
	ReloadAssembly (3454ms)
		BeginReloadAssembly (318ms)
			ExecutionOrderSort (0ms)
			DisableScriptedObjects (18ms)
			BackupInstance (0ms)
			ReleaseScriptingObjects (0ms)
			CreateAndSetChildDomain (48ms)
		EndReloadAssembly (2478ms)
			LoadAssemblies (266ms)
			RebuildTransferFunctionScriptingTraits (0ms)
			SetupTypeCache (879ms)
			ReleaseScriptCaches (1ms)
			RebuildScriptCaches (143ms)
			SetupLoadedEditorAssemblies (1077ms)
				LogAssemblyErrors (0ms)
				InitializePlatformSupportModulesInManaged (90ms)
				SetLoadedEditorAssemblies (1ms)
				RefreshPlugins (138ms)
				BeforeProcessingInitializeOnLoad (159ms)
				ProcessInitializeOnLoadAttributes (545ms)
				ProcessInitializeOnLoadMethodAttributes (128ms)
				AfterProcessingInitializeOnLoad (16ms)
				EditorAssembliesLoaded (0ms)
			ExecutionOrderSort2 (0ms)
			AwakeInstancesAfterBackupRestoration (14ms)
Platform modules already initialized, skipping
========================================================================
Worker process is ready to serve import requests
Launched and connected shader compiler UnityShaderCompiler.exe after 0.27 seconds
Refreshing native plugins compatible for Editor in 1.11 ms, found 3 plugins.
Preloading 0 native plugins for Editor in 0.00 ms.
Unloading 2465 Unused Serialized files (Serialized files now loaded: 0)
Unloading 33 unused Assets / (55.3 KB). Loaded Objects now: 2927.
Memory consumption went from 109.1 MB to 109.0 MB.
Total: 8.112100 ms (FindLiveObjects: 0.356000 ms CreateObjectMapping: 0.278600 ms MarkObjects: 7.317500 ms  DeleteObjects: 0.157600 ms)

AssetImportParameters requested are different than current active one (requested -> active):
  custom:video-decoder-ogg-theora: a1e56fd34408186e4bbccfd4996cb3dc -> 
  custom:container-muxer-webm: aa71ff27fc2769a1b78a27578f13a17b -> 
  custom:container-demuxer-webm: 4f35f7cbe854078d1ac9338744f61a02 -> 
  custom:video-encoder-webm-vp8: eb34c28f22e8b96e1ab97ce403110664 -> 
  custom:audio-encoder-webm-vorbis: bf7c407c2cedff20999df2af8eb42d56 -> 
  custom:framework-win-MediaFoundation: 216162199b28c13a410421893ffa2e32 -> 
  custom:container-demuxer-ogg: 62fdf1f143b41e24485cea50d1cbac27 -> 
  custom:video-decoder-webm-vp8: 9c59270c3fd7afecdb556c50c9e8de78 -> 
  custom:audio-decoder-ogg-vorbis: bf7c407c2cedff20999df2af8eb42d56 -> 
========================================================================
Received Import Request.
  Time since last request: 313851.591499 seconds.
  path: Assets/assets/Enemy Assets
  artifactKey: Guid(df255942c4edc6747b4264e954bc44ea) Importer(815301076,1909f56bfc062723c751e8b465ee728b)
Start importing Assets/assets/Enemy Assets using Guid(df255942c4edc6747b4264e954bc44ea) Importer(815301076,1909f56bfc062723c751e8b465ee728b)  -> (artifact id: '06d1980c6e4b5a39de552b4e53adc89c') in 0.164761 seconds 
========================================================================
Received Import Request.
  Time since last request: 103.456908 seconds.
  path: Assets/assets/Enemy Assets/slime_
  artifactKey: Guid(e2159893cd6c66c499ffc7fae86a01e4) Importer(815301076,1909f56bfc062723c751e8b465ee728b)
Start importing Assets/assets/Enemy Assets/slime_ using Guid(e2159893cd6c66c499ffc7fae86a01e4) Importer(815301076,1909f56bfc062723c751e8b465ee728b)  -> (artifact id: '50d453558d555ac4047c27a92a7f89f3') in 0.018978 seconds 
========================================================================
Received Import Request.
  Time since last request: 0.028043 seconds.
  path: Assets/assets/Enemy Assets/slime_/slime_.png
  artifactKey: Guid(d80fa6bf57bfe9149af8e0ec630fb820) Importer(815301076,1909f56bfc062723c751e8b465ee728b)
Start importing Assets/assets/Enemy Assets/slime_/slime_.png using Guid(d80fa6bf57bfe9149af8e0ec630fb820) Importer(815301076,1909f56bfc062723c751e8b465ee728b)  -> (artifact id: 'd6af1f94ff166c9149c068b55a6dca2a') in 0.235334 seconds 
========================================================================
Received Import Request.
  Time since last request: 1.351790 seconds.
  path: Assets/assets/Enemy Assets/slime_/idle_
  artifactKey: Guid(39e95a1a5ee0fe9469f1abfad8304059) Importer(815301076,1909f56bfc062723c751e8b465ee728b)
Start importing Assets/assets/Enemy Assets/slime_/idle_ using Guid(39e95a1a5ee0fe9469f1abfad8304059) Importer(815301076,1909f56bfc062723c751e8b465ee728b)  -> (artifact id: '49055f6ba4a0e7407da4b8c2d93a5286') in 0.010239 seconds 
========================================================================
Received Import Request.
  Time since last request: 0.045428 seconds.
  path: Assets/assets/Enemy Assets/slime_/idle_/lIdle_0.png
  artifactKey: Guid(433471f291a6bc945add2fccea7fac7e) Importer(815301076,1909f56bfc062723c751e8b465ee728b)
Start importing Assets/assets/Enemy Assets/slime_/idle_/lIdle_0.png using Guid(433471f291a6bc945add2fccea7fac7e) Importer(815301076,1909f56bfc062723c751e8b465ee728b)  -> (artifact id: '915f88c91236637c0852be05ed9b7336') in 0.037165 seconds 
========================================================================
Received Import Request.
  Time since last request: 5.983674 seconds.
  path: Assets/assets/Enemy Assets/slime_/idle_/lIdle_2.png
  artifactKey: Guid(fb4bd97eaef42d74b99f4a45838ac600) Importer(815301076,1909f56bfc062723c751e8b465ee728b)
Start importing Assets/assets/Enemy Assets/slime_/idle_/lIdle_2.png using Guid(fb4bd97eaef42d74b99f4a45838ac600) Importer(815301076,1909f56bfc062723c751e8b465ee728b)  -> (artifact id: 'c996be4c36ca994987bd55b40544e0eb') in 0.157066 seconds 
========================================================================
Received Import Request.
  Time since last request: 0.001739 seconds.
  path: Assets/assets/Enemy Assets/slime_/idle_/rIdle_3.png
  artifactKey: Guid(3bfe7b906d0e3044dbe8564a983ea5b2) Importer(815301076,1909f56bfc062723c751e8b465ee728b)
Start importing Assets/assets/Enemy Assets/slime_/idle_/rIdle_3.png using Guid(3bfe7b906d0e3044dbe8564a983ea5b2) Importer(815301076,1909f56bfc062723c751e8b465ee728b)  -> (artifact id: '31fbc2bf6b4b735d88019e3b42f6c134') in 0.078145 seconds 
========================================================================
Received Import Request.
  Time since last request: 0.000076 seconds.
  path: Assets/assets/Enemy Assets/slime_/idle_/rIdle_0.png
  artifactKey: Guid(78102659687bddc47ba16e3e5e93a693) Importer(815301076,1909f56bfc062723c751e8b465ee728b)
Start importing Assets/assets/Enemy Assets/slime_/idle_/rIdle_0.png using Guid(78102659687bddc47ba16e3e5e93a693) Importer(815301076,1909f56bfc062723c751e8b465ee728b)  -> (artifact id: 'a6a6d3603b8a0c5e805a918edc208336') in 0.064041 seconds 
========================================================================
Received Prepare
Registering precompiled user dll's ...
Registered in 0.047201 seconds.
Begin MonoManager ReloadAssembly
Native extension for WindowsStandalone target not found
Native extension for iOS target not found
Native extension for Android target not found
Refreshing native plugins compatible for Editor in 3.68 ms, found 3 plugins.
Preloading 0 native plugins for Editor in 0.00 ms.
Mono: successfully reloaded assembly
- Completed reload, in  7.926 seconds
Domain Reload Profiling:
	ReloadAssembly (7928ms)
		BeginReloadAssembly (915ms)
			ExecutionOrderSort (0ms)
			DisableScriptedObjects (31ms)
			BackupInstance (0ms)
			ReleaseScriptingObjects (0ms)
			CreateAndSetChildDomain (340ms)
		EndReloadAssembly (6229ms)
			LoadAssemblies (633ms)
			RebuildTransferFunctionScriptingTraits (0ms)
			SetupTypeCache (1878ms)
			ReleaseScriptCaches (4ms)
			RebuildScriptCaches (374ms)
			SetupLoadedEditorAssemblies (2946ms)
				LogAssemblyErrors (0ms)
				InitializePlatformSupportModulesInManaged (103ms)
				SetLoadedEditorAssemblies (2ms)
				RefreshPlugins (4ms)
				BeforeProcessingInitializeOnLoad (316ms)
				ProcessInitializeOnLoadAttributes (2350ms)
				ProcessInitializeOnLoadMethodAttributes (150ms)
				AfterProcessingInitializeOnLoad (22ms)
				EditorAssembliesLoaded (1ms)
			ExecutionOrderSort2 (0ms)
			AwakeInstancesAfterBackupRestoration (45ms)
Platform modules already initialized, skipping
Refreshing native plugins compatible for Editor in 7.91 ms, found 3 plugins.
Preloading 0 native plugins for Editor in 0.00 ms.
Unloading 2456 Unused Serialized files (Serialized files now loaded: 0)
Unloading 20 unused Assets / (31.8 KB). Loaded Objects now: 2939.
Memory consumption went from 112.4 MB to 112.4 MB.
Total: 9.177100 ms (FindLiveObjects: 0.725100 ms CreateObjectMapping: 0.418100 ms MarkObjects: 7.787200 ms  DeleteObjects: 0.241800 ms)

AssetImportParameters requested are different than current active one (requested -> active):
  custom:video-decoder-ogg-theora: a1e56fd34408186e4bbccfd4996cb3dc -> 
  custom:container-muxer-webm: aa71ff27fc2769a1b78a27578f13a17b -> 
  custom:container-demuxer-webm: 4f35f7cbe854078d1ac9338744f61a02 -> 
  custom:video-encoder-webm-vp8: eb34c28f22e8b96e1ab97ce403110664 -> 
  custom:audio-encoder-webm-vorbis: bf7c407c2cedff20999df2af8eb42d56 -> 
  custom:framework-win-MediaFoundation: 216162199b28c13a410421893ffa2e32 -> 
  custom:container-demuxer-ogg: 62fdf1f143b41e24485cea50d1cbac27 -> 
  custom:video-decoder-webm-vp8: 9c59270c3fd7afecdb556c50c9e8de78 -> 
  custom:audio-decoder-ogg-vorbis: bf7c407c2cedff20999df2af8eb42d56 -> 
========================================================================
Received Import Request.
  Time since last request: 353.228223 seconds.
  path: Assets/assets/Enemy Assets/slime_/idle_/lIdle_2.png
  artifactKey: Guid(fb4bd97eaef42d74b99f4a45838ac600) Importer(815301076,1909f56bfc062723c751e8b465ee728b)
Start importing Assets/assets/Enemy Assets/slime_/idle_/lIdle_2.png using Guid(fb4bd97eaef42d74b99f4a45838ac600) Importer(815301076,1909f56bfc062723c751e8b465ee728b)  -> (artifact id: '662f6bf6ad95a25c9e85a8f00903e8c6') in 0.212873 seconds 
========================================================================
Received Import Request.
  Time since last request: 5.955125 seconds.
  path: Assets/assets/Enemy Assets/slime_/idle_/lIdle_3.png
  artifactKey: Guid(73c5758adae223441abb6cac8994f2b3) Importer(815301076,1909f56bfc062723c751e8b465ee728b)
Start importing Assets/assets/Enemy Assets/slime_/idle_/lIdle_3.png using Guid(73c5758adae223441abb6cac8994f2b3) Importer(815301076,1909f56bfc062723c751e8b465ee728b)  -> (artifact id: '2916efaf984da1bc2baa3962f5833851') in 0.030197 seconds 
========================================================================
Received Import Request.
  Time since last request: 0.000040 seconds.
  path: Assets/assets/Enemy Assets/slime_/idle_/rIdle_0.png
  artifactKey: Guid(78102659687bddc47ba16e3e5e93a693) Importer(815301076,1909f56bfc062723c751e8b465ee728b)
Start importing Assets/assets/Enemy Assets/slime_/idle_/rIdle_0.png using Guid(78102659687bddc47ba16e3e5e93a693) Importer(815301076,1909f56bfc062723c751e8b465ee728b)  -> (artifact id: 'efa415c99a7ac40116c1e088646921e7') in 0.032984 seconds 
Editor requested this worker to shutdown with reason: Scaling down because of idle timeout
AssetImportWorker is now disconnected from the server
Process exiting
Exiting without the bug reporter. Application will terminate with return code 0