Using pre-set license
Built from '2021.3/staging' branch; Version is '2021.3.4f1 (cb45f9cae8b7) revision 13321721'; Using compiler version '192829333'; Build Type 'Release'
OS: 'Windows 10  (10.0.19043) 64bit ProfessionalN' Language: 'en' Physical Memory: 16233 MB
BatchMode: 1, IsHumanControllingUs: 0, StartBugReporterOnCrash: 0, Is64bit: 1, IsPro: 1

COMMAND LINE ARGUMENTS:
D:\Software\2021.3.4f1\Editor\Unity.exe
-adb2
-batchMode
-noUpm
-name
AssetImportWorker8
-projectPath
C:/Users/Asbaq Laareb/Documents/GitHub/Game_Project_01/Dungeon Escape Github
-logFile
Logs/AssetImportWorker8.log
-srvPort
52126
Successfully changed project path to: C:/Users/Asbaq Laareb/Documents/GitHub/Game_Project_01/Dungeon Escape Github
C:/Users/Asbaq Laareb/Documents/GitHub/Game_Project_01/Dungeon Escape Github
[UnityMemory] Configuration Parameters - Can be set up in boot.config
    "memorysetup-bucket-allocator-granularity=16"
    "memorysetup-bucket-allocator-bucket-count=8"
    "memorysetup-bucket-allocator-block-size=33554432"
    "memorysetup-bucket-allocator-block-count=8"
    "memorysetup-main-allocator-block-size=16777216"
    "memorysetup-thread-allocator-block-size=16777216"
    "memorysetup-gfx-main-allocator-block-size=16777216"
    "memorysetup-gfx-thread-allocator-block-size=16777216"
    "memorysetup-cache-allocator-block-size=4194304"
    "memorysetup-typetree-allocator-block-size=2097152"
    "memorysetup-profiler-bucket-allocator-granularity=16"
    "memorysetup-profiler-bucket-allocator-bucket-count=8"
    "memorysetup-profiler-bucket-allocator-block-size=33554432"
    "memorysetup-profiler-bucket-allocator-block-count=8"
    "memorysetup-profiler-allocator-block-size=16777216"
    "memorysetup-profiler-editor-allocator-block-size=1048576"
    "memorysetup-temp-allocator-size-main=16777216"
    "memorysetup-job-temp-allocator-block-size=2097152"
    "memorysetup-job-temp-allocator-block-size-background=1048576"
    "memorysetup-job-temp-allocator-reduction-small-platforms=262144"
    "memorysetup-temp-allocator-size-background-worker=32768"
    "memorysetup-temp-allocator-size-job-worker=262144"
    "memorysetup-temp-allocator-size-preload-manager=33554432"
    "memorysetup-temp-allocator-size-nav-mesh-worker=65536"
    "memorysetup-temp-allocator-size-audio-worker=65536"
    "memorysetup-temp-allocator-size-cloud-worker=32768"
    "memorysetup-temp-allocator-size-gi-baking-worker=262144"
    "memorysetup-temp-allocator-size-gfx=262144"
Refreshing native plugins compatible for Editor in 48.12 ms, found 3 plugins.
Preloading 0 native plugins for Editor in 0.00 ms.
Initialize engine version: 2021.3.4f1 (cb45f9cae8b7)
[Subsystems] Discovering subsystems at path D:/Software/2021.3.4f1/Editor/Data/Resources/UnitySubsystems
[Subsystems] Discovering subsystems at path C:/Users/Asbaq Laareb/Documents/GitHub/Game_Project_01/Dungeon Escape Github/Assets
GfxDevice: creating device client; threaded=0; jobified=0
Direct3D:
    Version:  Direct3D 11.0 [level 11.1]
    Renderer: NVIDIA GeForce RTX 2060 (ID=0x1f11)
    Vendor:   NVIDIA
    VRAM:     5980 MB
    Driver:   30.0.15.1278
Initialize mono
Mono path[0] = 'D:/Software/2021.3.4f1/Editor/Data/Managed'
Mono path[1] = 'D:/Software/2021.3.4f1/Editor/Data/MonoBleedingEdge/lib/mono/unityjit-win32'
Mono config path = 'D:/Software/2021.3.4f1/Editor/Data/MonoBleedingEdge/etc'
Using monoOptions --debugger-agent=transport=dt_socket,embedding=1,server=y,suspend=n,address=127.0.0.1:56212
Begin MonoManager ReloadAssembly
Registering precompiled unity dll's ...
Register platform support module: D:/Software/2021.3.4f1/Editor/Data/PlaybackEngines/WebGLSupport/UnityEditor.WebGL.Extensions.dll
Register platform support module: D:/Software/2021.3.4f1/Editor/Data/PlaybackEngines/AndroidPlayer/UnityEditor.Android.Extensions.dll
Register platform support module: D:/Software/2021.3.4f1/Editor/Data/PlaybackEngines/WindowsStandaloneSupport/UnityEditor.WindowsStandalone.Extensions.dll
Register platform support module: D:/Software/2021.3.4f1/Editor/Data/PlaybackEngines/MetroSupport/UnityEditor.UWP.Extensions.dll
Registered in 0.004483 seconds.
Native extension for UWP target not found
Native extension for WindowsStandalone target not found
Native extension for Android target not found
Native extension for WebGL target not found
Refreshing native plugins compatible for Editor in 42.61 ms, found 3 plugins.
Preloading 0 native plugins for Editor in 0.00 ms.
Mono: successfully reloaded assembly
- Completed reload, in  0.616 seconds
Domain Reload Profiling:
	ReloadAssembly (617ms)
		BeginReloadAssembly (77ms)
			ExecutionOrderSort (0ms)
			DisableScriptedObjects (0ms)
			BackupInstance (0ms)
			ReleaseScriptingObjects (0ms)
			CreateAndSetChildDomain (1ms)
		EndReloadAssembly (428ms)
			LoadAssemblies (78ms)
			RebuildTransferFunctionScriptingTraits (0ms)
			SetupTypeCache (115ms)
			ReleaseScriptCaches (0ms)
			RebuildScriptCaches (25ms)
			SetupLoadedEditorAssemblies (238ms)
				LogAssemblyErrors (0ms)
				InitializePlatformSupportModulesInManaged (54ms)
				SetLoadedEditorAssemblies (0ms)
				RefreshPlugins (43ms)
				BeforeProcessingInitializeOnLoad (1ms)
				ProcessInitializeOnLoadAttributes (93ms)
				ProcessInitializeOnLoadMethodAttributes (46ms)
				AfterProcessingInitializeOnLoad (0ms)
				EditorAssembliesLoaded (0ms)
			ExecutionOrderSort2 (0ms)
			AwakeInstancesAfterBackupRestoration (0ms)
Platform modules already initialized, skipping
Registering precompiled user dll's ...
Registered in 0.007057 seconds.
Begin MonoManager ReloadAssembly
Native extension for UWP target not found
Native extension for WindowsStandalone target not found
Native extension for Android target not found
Native extension for WebGL target not found
Refreshing native plugins compatible for Editor in 42.05 ms, found 3 plugins.
Preloading 0 native plugins for Editor in 0.00 ms.
Mono: successfully reloaded assembly
- Completed reload, in  1.078 seconds
Domain Reload Profiling:
	ReloadAssembly (1079ms)
		BeginReloadAssembly (214ms)
			ExecutionOrderSort (0ms)
			DisableScriptedObjects (7ms)
			BackupInstance (0ms)
			ReleaseScriptingObjects (0ms)
			CreateAndSetChildDomain (130ms)
		EndReloadAssembly (753ms)
			LoadAssemblies (77ms)
			RebuildTransferFunctionScriptingTraits (0ms)
			SetupTypeCache (206ms)
			ReleaseScriptCaches (0ms)
			RebuildScriptCaches (43ms)
			SetupLoadedEditorAssemblies (382ms)
				LogAssemblyErrors (0ms)
				InitializePlatformSupportModulesInManaged (12ms)
				SetLoadedEditorAssemblies (0ms)
				RefreshPlugins (42ms)
				BeforeProcessingInitializeOnLoad (68ms)
				ProcessInitializeOnLoadAttributes (213ms)
				ProcessInitializeOnLoadMethodAttributes (43ms)
				AfterProcessingInitializeOnLoad (3ms)
				EditorAssembliesLoaded (0ms)
			ExecutionOrderSort2 (0ms)
			AwakeInstancesAfterBackupRestoration (6ms)
Platform modules already initialized, skipping
========================================================================
Worker process is ready to serve import requests
Launched and connected shader compiler UnityShaderCompiler.exe after 0.08 seconds
Refreshing native plugins compatible for Editor in 0.49 ms, found 3 plugins.
Preloading 0 native plugins for Editor in 0.00 ms.
Unloading 2464 Unused Serialized files (Serialized files now loaded: 0)
Unloading 32 unused Assets / (30.2 KB). Loaded Objects now: 2929.
Memory consumption went from 110.3 MB to 110.3 MB.
Total: 3.608000 ms (FindLiveObjects: 0.206800 ms CreateObjectMapping: 0.130700 ms MarkObjects: 3.202900 ms  DeleteObjects: 0.066200 ms)

AssetImportParameters requested are different than current active one (requested -> active):
  custom:video-decoder-ogg-theora: a1e56fd34408186e4bbccfd4996cb3dc -> 
  custom:container-muxer-webm: aa71ff27fc2769a1b78a27578f13a17b -> 
  custom:container-demuxer-webm: 4f35f7cbe854078d1ac9338744f61a02 -> 
  custom:video-encoder-webm-vp8: eb34c28f22e8b96e1ab97ce403110664 -> 
  custom:audio-encoder-webm-vorbis: bf7c407c2cedff20999df2af8eb42d56 -> 
  custom:framework-win-MediaFoundation: 216162199b28c13a410421893ffa2e32 -> 
  custom:container-demuxer-ogg: 62fdf1f143b41e24485cea50d1cbac27 -> 
  custom:video-decoder-webm-vp8: 9c59270c3fd7afecdb556c50c9e8de78 -> 
  custom:audio-decoder-ogg-vorbis: bf7c407c2cedff20999df2af8eb42d56 -> 
========================================================================
Received Import Request.
  Time since last request: 545078.525117 seconds.
  path: Assets/Run/run1.png
  artifactKey: Guid(b0802d7135b78f64cafa5df4f8d148db) Importer(815301076,1909f56bfc062723c751e8b465ee728b)
Start importing Assets/Run/run1.png using Guid(b0802d7135b78f64cafa5df4f8d148db) Importer(815301076,1909f56bfc062723c751e8b465ee728b)  -> (artifact id: 'e53159b14bdf4586c4b72c386b7bbb2e') in 0.065830 seconds 
========================================================================
Received Import Request.
  Time since last request: 22.493850 seconds.
  path: Assets/Run/run1.png
  artifactKey: Guid(b0802d7135b78f64cafa5df4f8d148db) Importer(815301076,1909f56bfc062723c751e8b465ee728b)
Start importing Assets/Run/run1.png using Guid(b0802d7135b78f64cafa5df4f8d148db) Importer(815301076,1909f56bfc062723c751e8b465ee728b)  -> (artifact id: 'bb82aa3be05f76d017df18db38c9002b') in 0.047007 seconds 
========================================================================
Received Import Request.
  Time since last request: 7.937571 seconds.
  path: Assets/Run/run2.png
  artifactKey: Guid(e2c8de87c87a1044baa3566325ed8e16) Importer(815301076,1909f56bfc062723c751e8b465ee728b)
Start importing Assets/Run/run2.png using Guid(e2c8de87c87a1044baa3566325ed8e16) Importer(815301076,1909f56bfc062723c751e8b465ee728b)  -> (artifact id: '42f6e4b3207c880135c67931f05c9019') in 0.011385 seconds 
========================================================================
Received Import Request.
  Time since last request: 8.221257 seconds.
  path: Assets/Run/run2.png
  artifactKey: Guid(e2c8de87c87a1044baa3566325ed8e16) Importer(815301076,1909f56bfc062723c751e8b465ee728b)
Start importing Assets/Run/run2.png using Guid(e2c8de87c87a1044baa3566325ed8e16) Importer(815301076,1909f56bfc062723c751e8b465ee728b)  -> (artifact id: 'dc850b5c345f7ce2239ada22bf098995') in 0.016014 seconds 
========================================================================
Received Import Request.
  Time since last request: 6.400482 seconds.
  path: Assets/Run/run3.png
  artifactKey: Guid(47bdfbfa1ef633a44bd8236c908a1750) Importer(815301076,1909f56bfc062723c751e8b465ee728b)
Start importing Assets/Run/run3.png using Guid(47bdfbfa1ef633a44bd8236c908a1750) Importer(815301076,1909f56bfc062723c751e8b465ee728b)  -> (artifact id: '2b3d0e7526fa5045061ee784d27ae116') in 0.007173 seconds 
========================================================================
Received Import Request.
  Time since last request: 6.548425 seconds.
  path: Assets/Run/run3.png
  artifactKey: Guid(47bdfbfa1ef633a44bd8236c908a1750) Importer(815301076,1909f56bfc062723c751e8b465ee728b)
Start importing Assets/Run/run3.png using Guid(47bdfbfa1ef633a44bd8236c908a1750) Importer(815301076,1909f56bfc062723c751e8b465ee728b)  -> (artifact id: '0182b1feaef19b4584c90a336841f5b0') in 0.015735 seconds 
========================================================================
Received Import Request.
  Time since last request: 9.073797 seconds.
  path: Assets/Run/run4.png
  artifactKey: Guid(2ad9406113b8bdf4e9b85e7425ec59a5) Importer(815301076,1909f56bfc062723c751e8b465ee728b)
Start importing Assets/Run/run4.png using Guid(2ad9406113b8bdf4e9b85e7425ec59a5) Importer(815301076,1909f56bfc062723c751e8b465ee728b)  -> (artifact id: '3d09499a6262b30c6e91c5f1018aa93b') in 0.008045 seconds 
========================================================================
Received Import Request.
  Time since last request: 5.863576 seconds.
  path: Assets/Run/run4.png
  artifactKey: Guid(2ad9406113b8bdf4e9b85e7425ec59a5) Importer(815301076,1909f56bfc062723c751e8b465ee728b)
Start importing Assets/Run/run4.png using Guid(2ad9406113b8bdf4e9b85e7425ec59a5) Importer(815301076,1909f56bfc062723c751e8b465ee728b)  -> (artifact id: 'e60711879ebbe50794c268696274f793') in 0.014931 seconds 
========================================================================
Received Import Request.
  Time since last request: 7.878939 seconds.
  path: Assets/Run/run5.png
  artifactKey: Guid(2f686f0d790d86247b1308a214d893cd) Importer(815301076,1909f56bfc062723c751e8b465ee728b)
Start importing Assets/Run/run5.png using Guid(2f686f0d790d86247b1308a214d893cd) Importer(815301076,1909f56bfc062723c751e8b465ee728b)  -> (artifact id: 'a247e3ca5f99e54caca0f9aed542865a') in 0.010607 seconds 
========================================================================
Received Import Request.
  Time since last request: 7.733449 seconds.
  path: Assets/Run/run5.png
  artifactKey: Guid(2f686f0d790d86247b1308a214d893cd) Importer(815301076,1909f56bfc062723c751e8b465ee728b)
Start importing Assets/Run/run5.png using Guid(2f686f0d790d86247b1308a214d893cd) Importer(815301076,1909f56bfc062723c751e8b465ee728b)  -> (artifact id: 'b0f6ed0aa21f1a9d662f749c7c40e212') in 0.015364 seconds 
========================================================================
Received Import Request.
  Time since last request: 7.529484 seconds.
  path: Assets/Run/run6.png
  artifactKey: Guid(65b1e918c312bec43985b73a1f24d4d3) Importer(815301076,1909f56bfc062723c751e8b465ee728b)
Start importing Assets/Run/run6.png using Guid(65b1e918c312bec43985b73a1f24d4d3) Importer(815301076,1909f56bfc062723c751e8b465ee728b)  -> (artifact id: 'd83ad6112a5dae305489f4c28d9f3726') in 0.007210 seconds 
========================================================================
Received Import Request.
  Time since last request: 9.499908 seconds.
  path: Assets/Run/run6.png
  artifactKey: Guid(65b1e918c312bec43985b73a1f24d4d3) Importer(815301076,1909f56bfc062723c751e8b465ee728b)
Start importing Assets/Run/run6.png using Guid(65b1e918c312bec43985b73a1f24d4d3) Importer(815301076,1909f56bfc062723c751e8b465ee728b)  -> (artifact id: '2c15bf94247d5af375e4ed6dc5270e35') in 0.014559 seconds 
========================================================================
Received Import Request.
  Time since last request: 8.565162 seconds.
  path: Assets/Run/run7.png
  artifactKey: Guid(fec5681d8a7ae54438d1a6b15b8f6404) Importer(815301076,1909f56bfc062723c751e8b465ee728b)
Start importing Assets/Run/run7.png using Guid(fec5681d8a7ae54438d1a6b15b8f6404) Importer(815301076,1909f56bfc062723c751e8b465ee728b)  -> (artifact id: '96a54afa7fe68ff0670c8a7987063bf0') in 0.010471 seconds 
========================================================================
Received Import Request.
  Time since last request: 6.422875 seconds.
  path: Assets/Run/run7.png
  artifactKey: Guid(fec5681d8a7ae54438d1a6b15b8f6404) Importer(815301076,1909f56bfc062723c751e8b465ee728b)
Start importing Assets/Run/run7.png using Guid(fec5681d8a7ae54438d1a6b15b8f6404) Importer(815301076,1909f56bfc062723c751e8b465ee728b)  -> (artifact id: '27d44cb5ae7cca57c78a613511858246') in 0.013994 seconds 
========================================================================
Received Import Request.
  Time since last request: 10.394293 seconds.
  path: Assets/Run/run8.png
  artifactKey: Guid(aee6b09c2dc76d34bb9ac6141d6d2db3) Importer(815301076,1909f56bfc062723c751e8b465ee728b)
Start importing Assets/Run/run8.png using Guid(aee6b09c2dc76d34bb9ac6141d6d2db3) Importer(815301076,1909f56bfc062723c751e8b465ee728b)  -> (artifact id: 'fb040dc8bb1c18905feb621dd18a4b35') in 0.008533 seconds 
========================================================================
Received Import Request.
  Time since last request: 12.540702 seconds.
  path: Assets/Run/run8.png
  artifactKey: Guid(aee6b09c2dc76d34bb9ac6141d6d2db3) Importer(815301076,1909f56bfc062723c751e8b465ee728b)
Start importing Assets/Run/run8.png using Guid(aee6b09c2dc76d34bb9ac6141d6d2db3) Importer(815301076,1909f56bfc062723c751e8b465ee728b)  -> (artifact id: '331c8e19aa88e13fdac79f93402a6706') in 0.014859 seconds 
